<?xml version="1.0" encoding="UTF-8"?>
<!-- Generated by org.testng.reporters.JUnitReportReporter -->
<testsuite hostname="MSI" failures="0" tests="6" name="test.FinalTest" time="380.326" errors="0" timestamp="2024-08-31T10:07:55 IST" skipped="0">
  <testcase classname="test.FinalTest" name="JewelleryAndWatchTest1" time="90.537"/>
  <testcase classname="test.FinalTest" name="Jewellery" time="59.987"/>
  <testcase classname="test.FinalTest" name="JewelleryCombosTest" time="72.042"/>
  <testcase classname="test.FinalTest" name="MensJewelleryTest" time="29.923"/>
  <testcase classname="test.FinalTest" name="OtherJewelleryTest" time="89.099"/>
  <testcase classname="test.FinalTest" name="RingsAndEarringsTest" time="38.738"/>
</testsuite> <!-- test.FinalTest -->
